<?xml version="1.0" encoding="utf-8"?>
<?xml-stylesheet type="text/xsl" href="/assets/xml/rss.xsl" media="all"?><rss version="2.0" xmlns:atom="http://www.w3.org/2005/Atom" xmlns:dc="http://purl.org/dc/elements/1.1/"><channel><title>MagMax Blog (junit)</title><link>http://magmax.org/</link><description></description><atom:link href="http://magmax.org/categories/junit.xml" rel="self" type="application/rss+xml"></atom:link><language>es</language><lastBuildDate>Tue, 08 Dec 2020 17:56:22 GMT</lastBuildDate><generator>https://getnikola.com/</generator><docs>http://blogs.law.harvard.edu/tech/rss</docs><item><title>JBehave y JUnit</title><link>http://magmax.org/blog/jbehave-junit/</link><dc:creator>Miguel Ángel García</dc:creator><description>&lt;div&gt;&lt;p&gt;No hace tanto, escribí el artículo "JBehave":link://slug/jbehave. El problema es que era necesario lanzar cada historia por separado.&lt;/p&gt;
&lt;p&gt;Este artículo es un pequeño parche, con la intención de permitir que JUnit encuentre nuestros tests.&lt;/p&gt;
&lt;p&gt;&lt;a href="http://magmax.org/blog/jbehave-junit/" class="btn btn-default"&gt;Leer más…&lt;/a&gt; (quedan 1 minutos de lectura)&lt;/p&gt;&lt;/div&gt;</description><category>java testing</category><category>jbehave</category><category>junit</category><guid>http://magmax.org/blog/jbehave-junit/</guid><pubDate>Wed, 20 Jun 2012 00:00:00 GMT</pubDate></item></channel></rss>